        -:    0:Source:testme.c
        -:    0:Graph:testme.gcno
        -:    0:Data:testme.gcda
        -:    0:Runs:1
        -:    0:Programs:1
        -:    1:#include<stdio.h>
        -:    2:#include<string.h>
        -:    3:#include<stdlib.h>
        -:    4:#include<time.h>
        -:    5:
function inputChar called 2043 returned 100% blocks executed 100%
     2043:    6:char inputChar()
        -:    7:{
        -:    8:    char c;
        -:    9:    // from 32 to 126
     2043:   10:    int number = (rand() % (126 - 32)) + 32;
call    0 returned 100%
        -:   11:    //printf ("test: %d\n", test);
     2043:   12:    c = number;
        -:   13:    //printf("char:  %c\n", c);
     2043:   14:    return c;
        -:   15:}
        -:   16:
function inputString called 2043 returned 100% blocks executed 100%
     2043:   17:char *inputString()
        -:   18:{
        -:   19:
        -:   20:    // from 0 to 9
        -:   21:   static char str[6];
        -:   22:   int number[3];
     2043:   23:   number[0] = 101;  //e
     2043:   24:   number[1] = 114;  //r
     2043:   25:   number[2] = 115;  //s
     2043:   26:   number[3] = 116;  //t
        -:   27:
        -:   28:   int pos;
        -:   29:   int i;
        -:   30:
    12258:   31:   for (i = 0; i < 5; i++) {
branch  0 taken 83%
branch  1 taken 17% (fallthrough)
    10215:   32:      pos = rand() % 4;
call    0 returned 100%
    10215:   33:      str[i] = number[pos];
        -:   34:   }
     2043:   35:   str[5] = '\0';
        -:   36:   //printf("string:  %s\n\n", str);
     2043:   37:   return str;
        -:   38:
        -:   39:}
        -:   40:
function testme called 1 returned 0% blocks executed 100%
        1:   41:void testme()
        -:   42:{
        1:   43:  int tcCount = 0;
        -:   44:  char *s;
        -:   45:  char c;
        1:   46:  int state = 0;
        -:   47:  while (1)
        -:   48:  {
     2043:   49:    tcCount++;
     2043:   50:    c = inputChar();
call    0 returned 100%
     2043:   51:    s = inputString();
call    0 returned 100%
     2043:   52:    printf("Iteration %d: c = %c, s = %s, state = %d\n", tcCount, c, s, state);
call    0 returned 100%
        -:   53:
     2043:   54:    if (c == '[' && state == 0) state = 1;
branch  0 taken 1% (fallthrough)
branch  1 taken 99%
branch  2 taken 4% (fallthrough)
branch  3 taken 96%
     2043:   55:    if (c == '(' && state == 1) state = 2;
branch  0 taken 1% (fallthrough)
branch  1 taken 99%
branch  2 taken 8% (fallthrough)
branch  3 taken 92%
     2043:   56:    if (c == '{' && state == 2) state = 3;
branch  0 taken 1% (fallthrough)
branch  1 taken 99%
branch  2 taken 6% (fallthrough)
branch  3 taken 94%
     2043:   57:    if (c == ' '&& state == 3) state = 4;
branch  0 taken 1% (fallthrough)
branch  1 taken 99%
branch  2 taken 4% (fallthrough)
branch  3 taken 96%
     2043:   58:    if (c == 'a' && state == 4) state = 5;
branch  0 taken 1% (fallthrough)
branch  1 taken 99%
branch  2 taken 4% (fallthrough)
branch  3 taken 96%
     2043:   59:    if (c == 'x' && state == 5) state = 6;
branch  0 taken 1% (fallthrough)
branch  1 taken 99%
branch  2 taken 6% (fallthrough)
branch  3 taken 94%
     2043:   60:    if (c == '}' && state == 6) state = 7;
branch  0 taken 1% (fallthrough)
branch  1 taken 99%
branch  2 taken 4% (fallthrough)
branch  3 taken 96%
     2043:   61:    if (c == ')' && state == 7) state = 8;
branch  0 taken 1% (fallthrough)
branch  1 taken 99%
branch  2 taken 5% (fallthrough)
branch  3 taken 95%
     2043:   62:    if (c == ']' && state == 8) state = 9;
branch  0 taken 1% (fallthrough)
branch  1 taken 99%
branch  2 taken 5% (fallthrough)
branch  3 taken 95%
     2043:   63:    if (s[0] == 'r' && s[1] == 'e'
branch  0 taken 25% (fallthrough)
branch  1 taken 75%
branch  2 taken 27% (fallthrough)
branch  3 taken 73%
      136:   64:       && s[2] == 's' && s[3] == 'e'
branch  0 taken 27% (fallthrough)
branch  1 taken 73%
branch  2 taken 19% (fallthrough)
branch  3 taken 81%
        7:   65:       && s[4] == 't' && s[5] == '\0'
branch  0 taken 14% (fallthrough)
branch  1 taken 86%
branch  2 taken 100% (fallthrough)
branch  3 taken 0%
        1:   66:       && state == 9)
branch  0 taken 100% (fallthrough)
branch  1 taken 0%
        -:   67:    {
        1:   68:      printf("error ");
call    0 returned 100%
        1:   69:      exit(200);
call    0 returned 0%
        -:   70:    }
     2042:   71:  }
        -:   72:}
        -:   73:
        -:   74:
function main called 1 returned 0% blocks executed 80%
        1:   75:int main(int argc, char *argv[])
        -:   76:{
        1:   77:    srand(time(NULL));
call    0 returned 100%
call    1 returned 100%
        1:   78:    testme();
call    0 returned 0%
        -:   79:    //inputChar();
        -:   80:    //inputString();
    #####:   81:    return 0;
        -:   82:}
