        -:    0:Source:dominion.c
        -:    0:Graph:dominion.gcno
        -:    0:Data:dominion.gcda
        -:    0:Runs:3
        -:    0:Programs:3
        -:    1:#include "dominion.h"
        -:    2:#include "dominion_helpers.h"
        -:    3:#include "rngs.h"
        -:    4:#include <stdio.h>
        -:    5:#include <math.h>
        -:    6:#include <stdlib.h>
        -:    7:
function compare called 90 returned 100% blocks executed 83%
       90:    8:int compare(const void* a, const void* b) {
       90:    9:    if (*(int*)a > *(int*)b)
branch  0 taken 0% (fallthrough)
branch  1 taken 100%
    #####:   10:        return 1;
       90:   11:    if (*(int*)a < *(int*)b)
branch  0 taken 27% (fallthrough)
branch  1 taken 73%
       24:   12:        return -1;
       66:   13:    return 0;
        -:   14:}
        -:   15:
function newGame called 0 returned 0% blocks executed 0%
    #####:   16:struct gameState* newGame() {
    #####:   17:    struct gameState* g = malloc(sizeof(struct gameState));
    #####:   18:    return g;
        -:   19:}
        -:   20:
function kingdomCards called 0 returned 0% blocks executed 0%
    #####:   21:int* kingdomCards(int k1, int k2, int k3, int k4, int k5, int k6, int k7,
        -:   22:                  int k8, int k9, int k10) {
    #####:   23:    int* k = malloc(10 * sizeof(int));
    #####:   24:    k[0] = k1;
    #####:   25:    k[1] = k2;
    #####:   26:    k[2] = k3;
    #####:   27:    k[3] = k4;
    #####:   28:    k[4] = k5;
    #####:   29:    k[5] = k6;
    #####:   30:    k[6] = k7;
    #####:   31:    k[7] = k8;
    #####:   32:    k[8] = k9;
    #####:   33:    k[9] = k10;
    #####:   34:    return k;
        -:   35:}
        -:   36:
function initializeGame called 3 returned 100% blocks executed 88%
        3:   37:int initializeGame(int numPlayers, int kingdomCards[10], int randomSeed,
        -:   38:                   struct gameState *state) {
        -:   39:    int i;
        -:   40:    int j;
        -:   41:    int it;
        -:   42:
        -:   43:    //set up random number generator
        3:   44:    SelectStream(1);
call    0 returned 100%
        3:   45:    PutSeed((long)randomSeed);
call    0 returned 100%
        -:   46:
        -:   47:    //check number of players
        3:   48:    if (numPlayers > MAX_PLAYERS || numPlayers < 2)
branch  0 taken 100% (fallthrough)
branch  1 taken 0%
branch  2 taken 0% (fallthrough)
branch  3 taken 100%
        -:   49:    {
    #####:   50:        return -1;
        -:   51:    }
        -:   52:
        -:   53:    //set number of players
        3:   54:    state->numPlayers = numPlayers;
        -:   55:
        -:   56:    //check selected kingdom cards are different
       33:   57:    for (i = 0; i < 10; i++)
branch  0 taken 91%
branch  1 taken 9% (fallthrough)
        -:   58:    {
      330:   59:        for (j = 0; j < 10; j++)
branch  0 taken 91%
branch  1 taken 9% (fallthrough)
        -:   60:        {
      300:   61:            if (j != i && kingdomCards[j] == kingdomCards[i])
branch  0 taken 90% (fallthrough)
branch  1 taken 10%
branch  2 taken 0% (fallthrough)
branch  3 taken 100%
        -:   62:            {
    #####:   63:                return -1;
        -:   64:            }
        -:   65:        }
        -:   66:    }
        -:   67:
        -:   68:
        -:   69:    //initialize supply
        -:   70:    ///////////////////////////////
        -:   71:
        -:   72:    //set number of Curse cards
        3:   73:    if (numPlayers == 2)
branch  0 taken 100% (fallthrough)
branch  1 taken 0%
        -:   74:    {
        3:   75:        state->supplyCount[curse] = 10;
        -:   76:    }
    #####:   77:    else if (numPlayers == 3)
branch  0 never executed
branch  1 never executed
        -:   78:    {
    #####:   79:        state->supplyCount[curse] = 20;
        -:   80:    }
        -:   81:    else
        -:   82:    {
    #####:   83:        state->supplyCount[curse] = 30;
        -:   84:    }
        -:   85:
        -:   86:    //set number of Victory cards
        3:   87:    if (numPlayers == 2)
branch  0 taken 100% (fallthrough)
branch  1 taken 0%
        -:   88:    {
        3:   89:        state->supplyCount[estate] = 8;
        3:   90:        state->supplyCount[duchy] = 8;
        3:   91:        state->supplyCount[province] = 8;
        -:   92:    }
        -:   93:    else
        -:   94:    {
    #####:   95:        state->supplyCount[estate] = 12;
    #####:   96:        state->supplyCount[duchy] = 12;
    #####:   97:        state->supplyCount[province] = 12;
        -:   98:    }
        -:   99:
        -:  100:    //set number of Treasure cards
        3:  101:    state->supplyCount[copper] = 60 - (7 * numPlayers);
        3:  102:    state->supplyCount[silver] = 40;
        3:  103:    state->supplyCount[gold] = 30;
        -:  104:
        -:  105:    //set number of Kingdom cards
       63:  106:    for (i = adventurer; i <= treasure_map; i++)       	//loop all cards
branch  0 taken 95%
branch  1 taken 5% (fallthrough)
        -:  107:    {
      495:  108:        for (j = 0; j < 10; j++)           		//loop chosen cards
branch  0 taken 94%
branch  1 taken 6% (fallthrough)
        -:  109:        {
      465:  110:            if (kingdomCards[j] == i)
branch  0 taken 6% (fallthrough)
branch  1 taken 94%
        -:  111:            {
        -:  112:                //check if card is a 'Victory' Kingdom card
       30:  113:                if (kingdomCards[j] == great_hall || kingdomCards[j] == gardens)
branch  0 taken 100% (fallthrough)
branch  1 taken 0%
branch  2 taken 7% (fallthrough)
branch  3 taken 93%
        -:  114:                {
        4:  115:                    if (numPlayers == 2) {
branch  0 taken 100% (fallthrough)
branch  1 taken 0%
        2:  116:                        state->supplyCount[i] = 8;
        -:  117:                    }
        -:  118:                    else {
    #####:  119:                        state->supplyCount[i] = 12;
        -:  120:                    }
        -:  121:                }
        -:  122:                else
        -:  123:                {
       28:  124:                    state->supplyCount[i] = 10;
        -:  125:                }
       30:  126:                break;
        -:  127:            }
        -:  128:            else    //card is not in the set choosen for the game
        -:  129:            {
      435:  130:                state->supplyCount[i] = -1;
        -:  131:            }
        -:  132:        }
        -:  133:
        -:  134:    }
        -:  135:
        -:  136:    ////////////////////////
        -:  137:    //supply intilization complete
        -:  138:
        -:  139:    //set player decks
        9:  140:    for (i = 0; i < numPlayers; i++)
branch  0 taken 67%
branch  1 taken 33% (fallthrough)
        -:  141:    {
        6:  142:        state->deckCount[i] = 0;
       24:  143:        for (j = 0; j < 3; j++)
branch  0 taken 75%
branch  1 taken 25% (fallthrough)
        -:  144:        {
       18:  145:            state->deck[i][j] = estate;
       18:  146:            state->deckCount[i]++;
        -:  147:        }
       48:  148:        for (j = 3; j < 10; j++)
branch  0 taken 88%
branch  1 taken 13% (fallthrough)
        -:  149:        {
       42:  150:            state->deck[i][j] = copper;
       42:  151:            state->deckCount[i]++;
        -:  152:        }
        -:  153:    }
        -:  154:
        -:  155:    //shuffle player decks
        9:  156:    for (i = 0; i < numPlayers; i++)
branch  0 taken 67%
branch  1 taken 33% (fallthrough)
        -:  157:    {
        6:  158:        if ( shuffle(i, state) < 0 )
call    0 returned 100%
branch  1 taken 0% (fallthrough)
branch  2 taken 100%
        -:  159:        {
    #####:  160:            return -1;
        -:  161:        }
        -:  162:    }
        -:  163:
        -:  164:    //draw player hands
        9:  165:    for (i = 0; i < numPlayers; i++)
branch  0 taken 67%
branch  1 taken 33% (fallthrough)
        -:  166:    {
        -:  167:        //initialize hand size to zero
        6:  168:        state->handCount[i] = 0;
        6:  169:        state->discardCount[i] = 0;
        -:  170:        //draw 5 cards
        -:  171:        // for (j = 0; j < 5; j++)
        -:  172:        //	{
        -:  173:        //	  drawCard(i, state);
        -:  174:        //	}
        -:  175:    }
        -:  176:
        -:  177:    //set embargo tokens to 0 for all supply piles
       84:  178:    for (i = 0; i <= treasure_map; i++)
branch  0 taken 96%
branch  1 taken 4% (fallthrough)
        -:  179:    {
       81:  180:        state->embargoTokens[i] = 0;
        -:  181:    }
        -:  182:
        -:  183:    //initialize first player's turn
        3:  184:    state->outpostPlayed = 0;
        3:  185:    state->phase = 0;
        3:  186:    state->numActions = 1;
        3:  187:    state->numBuys = 1;
        3:  188:    state->playedCardCount = 0;
        3:  189:    state->whoseTurn = 0;
        3:  190:    state->handCount[state->whoseTurn] = 0;
        -:  191:    //int it; move to top
        -:  192:
        -:  193:    //Moved draw cards to here, only drawing at the start of a turn
       18:  194:    for (it = 0; it < 5; it++) {
branch  0 taken 83%
branch  1 taken 17% (fallthrough)
       15:  195:        drawCard(state->whoseTurn, state);
call    0 returned 100%
        -:  196:    }
        -:  197:
        3:  198:    updateCoins(state->whoseTurn, state, 0);
call    0 returned 100%
        -:  199:
        3:  200:    return 0;
        -:  201:}
        -:  202:
function shuffle called 6 returned 100% blocks executed 94%
        6:  203:int shuffle(int player, struct gameState *state) {
        -:  204:
        -:  205:
        -:  206:    int newDeck[MAX_DECK];
        6:  207:    int newDeckPos = 0;
        -:  208:    int card;
        -:  209:    int i;
        -:  210:
        6:  211:    if (state->deckCount[player] < 1)
branch  0 taken 0% (fallthrough)
branch  1 taken 100%
    #####:  212:        return -1;
        6:  213:    qsort ((void*)(state->deck[player]), state->deckCount[player], sizeof(int), compare);
call    0 returned 100%
        -:  214:    /* SORT CARDS IN DECK TO ENSURE DETERMINISM! */
        -:  215:
       72:  216:    while (state->deckCount[player] > 0) {
branch  0 taken 91%
branch  1 taken 9% (fallthrough)
       60:  217:        card = floor(Random() * state->deckCount[player]);
call    0 returned 100%
       60:  218:        newDeck[newDeckPos] = state->deck[player][card];
       60:  219:        newDeckPos++;
      210:  220:        for (i = card; i < state->deckCount[player]-1; i++) {
branch  0 taken 71%
branch  1 taken 29% (fallthrough)
      150:  221:            state->deck[player][i] = state->deck[player][i+1];
        -:  222:        }
       60:  223:        state->deckCount[player]--;
        -:  224:    }
       66:  225:    for (i = 0; i < newDeckPos; i++) {
branch  0 taken 91%
branch  1 taken 9% (fallthrough)
       60:  226:        state->deck[player][i] = newDeck[i];
       60:  227:        state->deckCount[player]++;
        -:  228:    }
        -:  229:
        6:  230:    return 0;
        -:  231:}
        -:  232:
function playCard called 0 returned 0% blocks executed 0%
    #####:  233:int playCard(int handPos, int choice1, int choice2, int choice3, struct gameState *state)
        -:  234:{
        -:  235:    int card;
    #####:  236:    int coin_bonus = 0; 		//tracks coins gain from actions
        -:  237:
        -:  238:    //check if it is the right phase
    #####:  239:    if (state->phase != 0)
branch  0 never executed
branch  1 never executed
        -:  240:    {
    #####:  241:        return -1;
        -:  242:    }
        -:  243:
        -:  244:    //check if player has enough actions
    #####:  245:    if ( state->numActions < 1 )
branch  0 never executed
branch  1 never executed
        -:  246:    {
    #####:  247:        return -1;
        -:  248:    }
        -:  249:
        -:  250:    //get card played
    #####:  251:    card = handCard(handPos, state);
call    0 never executed
        -:  252:
        -:  253:    //check if selected card is an action
    #####:  254:    if ( card < adventurer || card > treasure_map )
branch  0 never executed
branch  1 never executed
branch  2 never executed
branch  3 never executed
        -:  255:    {
    #####:  256:        return -1;
        -:  257:    }
        -:  258:
        -:  259:    //play card
    #####:  260:    if ( cardEffect(card, choice1, choice2, choice3, state, handPos, &coin_bonus) < 0 )
call    0 never executed
branch  1 never executed
branch  2 never executed
        -:  261:    {
    #####:  262:        return -1;
        -:  263:    }
        -:  264:
        -:  265:    //reduce number of actions
    #####:  266:    state->numActions--;
        -:  267:
        -:  268:    //update coins (Treasure cards may be added with card draws)
    #####:  269:    updateCoins(state->whoseTurn, state, coin_bonus);
call    0 never executed
        -:  270:
    #####:  271:    return 0;
        -:  272:}
        -:  273:
function buyCard called 0 returned 0% blocks executed 0%
    #####:  274:int buyCard(int supplyPos, struct gameState *state) {
        -:  275:    int who;
        -:  276:    if (DEBUG) {
        -:  277:        printf("Entering buyCard...\n");
        -:  278:    }
        -:  279:
        -:  280:    // I don't know what to do about the phase thing.
        -:  281:
    #####:  282:    who = state->whoseTurn;
        -:  283:
    #####:  284:    if (state->numBuys < 1) {
branch  0 never executed
branch  1 never executed
        -:  285:        if (DEBUG)
        -:  286:            printf("You do not have any buys left\n");
    #####:  287:        return -1;
    #####:  288:    } else if (supplyCount(supplyPos, state) <1) {
call    0 never executed
branch  1 never executed
branch  2 never executed
        -:  289:        if (DEBUG)
        -:  290:            printf("There are not any of that type of card left\n");
    #####:  291:        return -1;
    #####:  292:    } else if (state->coins < getCost(supplyPos)) {
call    0 never executed
branch  1 never executed
branch  2 never executed
        -:  293:        if (DEBUG)
        -:  294:            printf("You do not have enough money to buy that. You have %d coins.\n", state->coins);
    #####:  295:        return -1;
        -:  296:    } else {
    #####:  297:        state->phase=1;
        -:  298:        //state->supplyCount[supplyPos]--;
    #####:  299:        gainCard(supplyPos, state, 0, who); //card goes in discard, this might be wrong.. (2 means goes into hand, 0 goes into discard)
call    0 never executed
        -:  300:
    #####:  301:        state->coins = (state->coins) - (getCost(supplyPos));
call    0 never executed
    #####:  302:        state->numBuys--;
        -:  303:        if (DEBUG)
        -:  304:            printf("You bought card number %d for %d coins. You now have %d buys and %d coins.\n", supplyPos, getCost(supplyPos), state->numBuys, state->coins);
        -:  305:    }
        -:  306:
        -:  307:    //state->discard[who][state->discardCount[who]] = supplyPos;
        -:  308:    //state->discardCount[who]++;
        -:  309:
    #####:  310:    return 0;
        -:  311:}
        -:  312:
function numHandCards called 0 returned 0% blocks executed 0%
    #####:  313:int numHandCards(struct gameState *state) {
    #####:  314:    return state->handCount[ whoseTurn(state) ];
call    0 never executed
        -:  315:}
        -:  316:
function handCard called 0 returned 0% blocks executed 0%
    #####:  317:int handCard(int handPos, struct gameState *state) {
    #####:  318:    int currentPlayer = whoseTurn(state);
call    0 never executed
    #####:  319:    return state->hand[currentPlayer][handPos];
        -:  320:}
        -:  321:
function supplyCount called 4 returned 100% blocks executed 100%
        4:  322:int supplyCount(int card, struct gameState *state) {
        4:  323:    return state->supplyCount[card];
        -:  324:}
        -:  325:
function fullDeckCount called 0 returned 0% blocks executed 0%
    #####:  326:int fullDeckCount(int player, int card, struct gameState *state) {
        -:  327:    int i;
    #####:  328:    int count = 0;
        -:  329:
    #####:  330:    for (i = 0; i < state->deckCount[player]; i++)
branch  0 never executed
branch  1 never executed
        -:  331:    {
    #####:  332:        if (state->deck[player][i] == card) count++;
branch  0 never executed
branch  1 never executed
        -:  333:    }
        -:  334:
    #####:  335:    for (i = 0; i < state->handCount[player]; i++)
branch  0 never executed
branch  1 never executed
        -:  336:    {
    #####:  337:        if (state->hand[player][i] == card) count++;
branch  0 never executed
branch  1 never executed
        -:  338:    }
        -:  339:
    #####:  340:    for (i = 0; i < state->discardCount[player]; i++)
branch  0 never executed
branch  1 never executed
        -:  341:    {
    #####:  342:        if (state->discard[player][i] == card) count++;
branch  0 never executed
branch  1 never executed
        -:  343:    }
        -:  344:
    #####:  345:    return count;
        -:  346:}
        -:  347:
function whoseTurn called 0 returned 0% blocks executed 0%
    #####:  348:int whoseTurn(struct gameState *state) {
    #####:  349:    return state->whoseTurn;
        -:  350:}
        -:  351:
function endTurn called 0 returned 0% blocks executed 0%
    #####:  352:int endTurn(struct gameState *state) {
        -:  353:    int k;
        -:  354:    int i;
    #####:  355:    int currentPlayer = whoseTurn(state);
call    0 never executed
        -:  356:
        -:  357:    //Discard hand
    #####:  358:    for (i = 0; i < state->handCount[currentPlayer]; i++) {
branch  0 never executed
branch  1 never executed
    #####:  359:        state->discard[currentPlayer][state->discardCount[currentPlayer]++] = state->hand[currentPlayer][i];//Discard
    #####:  360:        state->hand[currentPlayer][i] = -1;//Set card to -1
        -:  361:    }
    #####:  362:    state->handCount[currentPlayer] = 0;//Reset hand count
        -:  363:
        -:  364:    //Code for determining the player
    #####:  365:    if (currentPlayer < (state->numPlayers - 1)) {
branch  0 never executed
branch  1 never executed
    #####:  366:        state->whoseTurn = currentPlayer + 1;//Still safe to increment
        -:  367:    }
        -:  368:    else {
    #####:  369:        state->whoseTurn = 0;//Max player has been reached, loop back around to player 1
        -:  370:    }
        -:  371:
    #####:  372:    state->outpostPlayed = 0;
    #####:  373:    state->phase = 0;
    #####:  374:    state->numActions = 1;
    #####:  375:    state->coins = 0;
    #####:  376:    state->numBuys = 1;
    #####:  377:    state->playedCardCount = 0;
    #####:  378:    state->handCount[state->whoseTurn] = 0;
        -:  379:
        -:  380:    //int k; move to top
        -:  381:    //Next player draws hand
    #####:  382:    for (k = 0; k < 5; k++) {
branch  0 never executed
branch  1 never executed
    #####:  383:        drawCard(state->whoseTurn, state);//Draw a card
call    0 never executed
        -:  384:    }
        -:  385:
        -:  386:    //Update money
    #####:  387:    updateCoins(state->whoseTurn, state, 0);
call    0 never executed
        -:  388:
    #####:  389:    return 0;
        -:  390:}
        -:  391:
function isGameOver called 0 returned 0% blocks executed 0%
    #####:  392:int isGameOver(struct gameState *state) {
        -:  393:    int i;
        -:  394:    int j;
        -:  395:
        -:  396:    //if stack of Province cards is empty, the game ends
    #####:  397:    if (state->supplyCount[province] == 0)
branch  0 never executed
branch  1 never executed
        -:  398:    {
    #####:  399:        return 1;
        -:  400:    }
        -:  401:
        -:  402:    //if three supply pile are at 0, the game ends
    #####:  403:    j = 0;
    #####:  404:    for (i = 0; i < 25; i++)
branch  0 never executed
branch  1 never executed
        -:  405:    {
    #####:  406:        if (state->supplyCount[i] == 0)
branch  0 never executed
branch  1 never executed
        -:  407:        {
    #####:  408:            j++;
        -:  409:        }
        -:  410:    }
    #####:  411:    if ( j >= 3)
branch  0 never executed
branch  1 never executed
        -:  412:    {
    #####:  413:        return 1;
        -:  414:    }
        -:  415:
    #####:  416:    return 0;
        -:  417:}
        -:  418:
function scoreFor called 0 returned 0% blocks executed 0%
    #####:  419:int scoreFor (int player, struct gameState *state) {
        -:  420:
        -:  421:    int i;
    #####:  422:    int score = 0;
        -:  423:    //score from hand
    #####:  424:    for (i = 0; i < state->handCount[player]; i++)
branch  0 never executed
branch  1 never executed
        -:  425:    {
    #####:  426:        if (state->hand[player][i] == curse) {
branch  0 never executed
branch  1 never executed
    #####:  427:            score = score - 1;
        -:  428:        };
    #####:  429:        if (state->hand[player][i] == estate) {
branch  0 never executed
branch  1 never executed
    #####:  430:            score = score + 1;
        -:  431:        };
    #####:  432:        if (state->hand[player][i] == duchy) {
branch  0 never executed
branch  1 never executed
    #####:  433:            score = score + 3;
        -:  434:        };
    #####:  435:        if (state->hand[player][i] == province) {
branch  0 never executed
branch  1 never executed
    #####:  436:            score = score + 6;
        -:  437:        };
    #####:  438:        if (state->hand[player][i] == great_hall) {
branch  0 never executed
branch  1 never executed
    #####:  439:            score = score + 1;
        -:  440:        };
    #####:  441:        if (state->hand[player][i] == gardens) {
branch  0 never executed
branch  1 never executed
    #####:  442:            score = score + ( fullDeckCount(player, 0, state) / 10 );
call    0 never executed
        -:  443:        };
        -:  444:    }
        -:  445:
        -:  446:    //score from discard
    #####:  447:    for (i = 0; i < state->discardCount[player]; i++)
branch  0 never executed
branch  1 never executed
        -:  448:    {
    #####:  449:        if (state->discard[player][i] == curse) {
branch  0 never executed
branch  1 never executed
    #####:  450:            score = score - 1;
        -:  451:        };
    #####:  452:        if (state->discard[player][i] == estate) {
branch  0 never executed
branch  1 never executed
    #####:  453:            score = score + 1;
        -:  454:        };
    #####:  455:        if (state->discard[player][i] == duchy) {
branch  0 never executed
branch  1 never executed
    #####:  456:            score = score + 3;
        -:  457:        };
    #####:  458:        if (state->discard[player][i] == province) {
branch  0 never executed
branch  1 never executed
    #####:  459:            score = score + 6;
        -:  460:        };
    #####:  461:        if (state->discard[player][i] == great_hall) {
branch  0 never executed
branch  1 never executed
    #####:  462:            score = score + 1;
        -:  463:        };
    #####:  464:        if (state->discard[player][i] == gardens) {
branch  0 never executed
branch  1 never executed
    #####:  465:            score = score + ( fullDeckCount(player, 0, state) / 10 );
call    0 never executed
        -:  466:        };
        -:  467:    }
        -:  468:
        -:  469:    //score from deck
    #####:  470:    for (i = 0; i < state->discardCount[player]; i++)
branch  0 never executed
branch  1 never executed
        -:  471:    {
    #####:  472:        if (state->deck[player][i] == curse) {
branch  0 never executed
branch  1 never executed
    #####:  473:            score = score - 1;
        -:  474:        };
    #####:  475:        if (state->deck[player][i] == estate) {
branch  0 never executed
branch  1 never executed
    #####:  476:            score = score + 1;
        -:  477:        };
    #####:  478:        if (state->deck[player][i] == duchy) {
branch  0 never executed
branch  1 never executed
    #####:  479:            score = score + 3;
        -:  480:        };
    #####:  481:        if (state->deck[player][i] == province) {
branch  0 never executed
branch  1 never executed
    #####:  482:            score = score + 6;
        -:  483:        };
    #####:  484:        if (state->deck[player][i] == great_hall) {
branch  0 never executed
branch  1 never executed
    #####:  485:            score = score + 1;
        -:  486:        };
    #####:  487:        if (state->deck[player][i] == gardens) {
branch  0 never executed
branch  1 never executed
    #####:  488:            score = score + ( fullDeckCount(player, 0, state) / 10 );
call    0 never executed
        -:  489:        };
        -:  490:    }
        -:  491:
    #####:  492:    return score;
        -:  493:}
        -:  494:
function getWinners called 0 returned 0% blocks executed 0%
    #####:  495:int getWinners(int players[MAX_PLAYERS], struct gameState *state) {
        -:  496:    int i;
        -:  497:    int j;
        -:  498:    int highScore;
        -:  499:    int currentPlayer;
        -:  500:
        -:  501:    //get score for each player
    #####:  502:    for (i = 0; i < MAX_PLAYERS; i++)
branch  0 never executed
branch  1 never executed
        -:  503:    {
        -:  504:        //set unused player scores to -9999
    #####:  505:        if (i >= state->numPlayers)
branch  0 never executed
branch  1 never executed
        -:  506:        {
    #####:  507:            players[i] = -9999;
        -:  508:        }
        -:  509:        else
        -:  510:        {
    #####:  511:            players[i] = scoreFor (i, state);
call    0 never executed
        -:  512:        }
        -:  513:    }
        -:  514:
        -:  515:    //find highest score
    #####:  516:    j = 0;
    #####:  517:    for (i = 0; i < MAX_PLAYERS; i++)
branch  0 never executed
branch  1 never executed
        -:  518:    {
    #####:  519:        if (players[i] > players[j])
branch  0 never executed
branch  1 never executed
        -:  520:        {
    #####:  521:            j = i;
        -:  522:        }
        -:  523:    }
    #####:  524:    highScore = players[j];
        -:  525:
        -:  526:    //add 1 to players who had less turns
    #####:  527:    currentPlayer = whoseTurn(state);
call    0 never executed
    #####:  528:    for (i = 0; i < MAX_PLAYERS; i++)
branch  0 never executed
branch  1 never executed
        -:  529:    {
    #####:  530:        if ( players[i] == highScore && i > currentPlayer )
branch  0 never executed
branch  1 never executed
branch  2 never executed
branch  3 never executed
        -:  531:        {
    #####:  532:            players[i]++;
        -:  533:        }
        -:  534:    }
        -:  535:
        -:  536:    //find new highest score
    #####:  537:    j = 0;
    #####:  538:    for (i = 0; i < MAX_PLAYERS; i++)
branch  0 never executed
branch  1 never executed
        -:  539:    {
    #####:  540:        if ( players[i] > players[j] )
branch  0 never executed
branch  1 never executed
        -:  541:        {
    #####:  542:            j = i;
        -:  543:        }
        -:  544:    }
    #####:  545:    highScore = players[j];
        -:  546:
        -:  547:    //set winners in array to 1 and rest to 0
    #####:  548:    for (i = 0; i < MAX_PLAYERS; i++)
branch  0 never executed
branch  1 never executed
        -:  549:    {
    #####:  550:        if ( players[i] == highScore )
branch  0 never executed
branch  1 never executed
        -:  551:        {
    #####:  552:            players[i] = 1;
        -:  553:        }
        -:  554:        else
        -:  555:        {
    #####:  556:            players[i] = 0;
        -:  557:        }
        -:  558:    }
        -:  559:
    #####:  560:    return 0;
        -:  561:}
        -:  562:
function drawCard called 15 returned 100% blocks executed 38%
       15:  563:int drawCard(int player, struct gameState *state)
        -:  564:{   int count;
        -:  565:    int deckCounter;
       15:  566:    if (state->deckCount[player] <= 0) { //Deck is empty
branch  0 taken 0% (fallthrough)
branch  1 taken 100%
        -:  567:
        -:  568:        //Step 1 Shuffle the discard pile back into a deck
        -:  569:        int i;
        -:  570:        //Move discard to deck
    #####:  571:        for (i = 0; i < state->discardCount[player]; i++) {
branch  0 never executed
branch  1 never executed
    #####:  572:            state->deck[player][i] = state->discard[player][i];
    #####:  573:            state->discard[player][i] = -1;
        -:  574:        }
        -:  575:
    #####:  576:        state->deckCount[player] = state->discardCount[player];
    #####:  577:        state->discardCount[player] = 0;//Reset discard
        -:  578:
        -:  579:        //Shufffle the deck
    #####:  580:        shuffle(player, state);//Shuffle the deck up and make it so that we can draw
call    0 never executed
        -:  581:
        -:  582:        if (DEBUG) { //Debug statements
        -:  583:            printf("Deck count now: %d\n", state->deckCount[player]);
        -:  584:        }
        -:  585:
    #####:  586:        state->discardCount[player] = 0;
        -:  587:
        -:  588:        //Step 2 Draw Card
    #####:  589:        count = state->handCount[player];//Get current player's hand count
        -:  590:
        -:  591:        if (DEBUG) { //Debug statements
        -:  592:            printf("Current hand count: %d\n", count);
        -:  593:        }
        -:  594:
    #####:  595:        deckCounter = state->deckCount[player];//Create a holder for the deck count
        -:  596:
    #####:  597:        if (deckCounter == 0)
branch  0 never executed
branch  1 never executed
    #####:  598:            return -1;
        -:  599:
    #####:  600:        state->hand[player][count] = state->deck[player][deckCounter - 1];//Add card to hand
    #####:  601:        state->deckCount[player]--;
    #####:  602:        state->handCount[player]++;//Increment hand count
        -:  603:    }
        -:  604:
        -:  605:    else {
       15:  606:        int count = state->handCount[player];//Get current hand count for player
        -:  607:        int deckCounter;
        -:  608:        if (DEBUG) { //Debug statements
        -:  609:            printf("Current hand count: %d\n", count);
        -:  610:        }
        -:  611:
       15:  612:        deckCounter = state->deckCount[player];//Create holder for the deck count
       15:  613:        state->hand[player][count] = state->deck[player][deckCounter - 1];//Add card to the hand
       15:  614:        state->deckCount[player]--;
       15:  615:        state->handCount[player]++;//Increment hand count
        -:  616:    }
        -:  617:
       15:  618:    return 0;
        -:  619:}
        -:  620:
function getCost called 12 returned 100% blocks executed 30%
       12:  621:int getCost(int cardNumber)
        -:  622:{
       12:  623:    switch( cardNumber )
branch  0 taken 0%
branch  1 taken 0%
branch  2 taken 8%
branch  3 taken 0%
branch  4 taken 17%
branch  5 taken 17%
branch  6 taken 17%
branch  7 taken 17%
branch  8 taken 17%
branch  9 taken 8%
branch 10 taken 0%
branch 11 taken 0%
branch 12 taken 0%
branch 13 taken 0%
branch 14 taken 0%
branch 15 taken 0%
branch 16 taken 0%
branch 17 taken 0%
branch 18 taken 0%
branch 19 taken 0%
branch 20 taken 0%
branch 21 taken 0%
branch 22 taken 0%
branch 23 taken 0%
branch 24 taken 0%
branch 25 taken 0%
branch 26 taken 0%
branch 27 taken 0%
        -:  624:    {
        -:  625:    case curse:
    #####:  626:        return 0;
        -:  627:    case estate:
    #####:  628:        return 2;
        -:  629:    case duchy:
        1:  630:        return 5;
        -:  631:    case province:
    #####:  632:        return 8;
        -:  633:    case copper:
        2:  634:        return 0;
        -:  635:    case silver:
        2:  636:        return 3;
        -:  637:    case gold:
        2:  638:        return 6;
        -:  639:    case adventurer:
        2:  640:        return 6;
        -:  641:    case council_room:
        2:  642:        return 5;
        -:  643:    case feast:
        1:  644:        return 4;
        -:  645:    case gardens:
    #####:  646:        return 4;
        -:  647:    case mine:
    #####:  648:        return 5;
        -:  649:    case remodel:
    #####:  650:        return 4;
        -:  651:    case smithy:
    #####:  652:        return 4;
        -:  653:    case village:
    #####:  654:        return 3;
        -:  655:    case baron:
    #####:  656:        return 4;
        -:  657:    case great_hall:
    #####:  658:        return 3;
        -:  659:    case minion:
    #####:  660:        return 5;
        -:  661:    case steward:
    #####:  662:        return 3;
        -:  663:    case tribute:
    #####:  664:        return 5;
        -:  665:    case ambassador:
    #####:  666:        return 3;
        -:  667:    case cutpurse:
    #####:  668:        return 4;
        -:  669:    case embargo:
    #####:  670:        return 2;
        -:  671:    case outpost:
    #####:  672:        return 5;
        -:  673:    case salvager:
    #####:  674:        return 4;
        -:  675:    case sea_hag:
    #####:  676:        return 4;
        -:  677:    case treasure_map:
    #####:  678:        return 4;
        -:  679:    }
        -:  680:
    #####:  681:    return -1;
        -:  682:}
        -:  683:
        -:  684:
function findAndDiscard called 4 returned 100% blocks executed 100%
        4:  685:int findAndDiscard(struct gameState *state, int currentPlayer, int choice1, int number)
        -:  686:{
        -:  687:    int i;
        -:  688:
       11:  689:    for (i = 0; i < state->handCount[currentPlayer]; i++)
branch  0 taken 100%
branch  1 taken 0% (fallthrough)
        -:  690:        {
       11:  691:            if (state->hand[currentPlayer][i] == state->hand[currentPlayer][choice1])
branch  0 taken 36% (fallthrough)
branch  1 taken 64%
        -:  692:            {
        4:  693:                discardCard(i, currentPlayer, state, number);
call    0 returned 100%
        4:  694:                break;
        -:  695:            }
        -:  696:        }
        -:  697:
        4:  698:    return 0;
        -:  699:}
        -:  700:
        -:  701:
function mineEffect called 6 returned 100% blocks executed 87%
        6:  702:int mineEffect(int choice1, int choice2, struct gameState *state, int handPos, int currentPlayer)
        -:  703:{   
        6:  704:    int j = state->hand[currentPlayer][choice1];  //store card we will trash
        -:  705:
        6:  706:    if (j < copper && j > gold)
branch  0 taken 17% (fallthrough)
branch  1 taken 83%
branch  2 taken 0% (fallthrough)
branch  3 taken 100%
        -:  707:    {
    #####:  708:        return -1;
        -:  709:    }
        -:  710:
        6:  711:    if (choice2 > treasure_map || choice2 < curse)
branch  0 taken 100% (fallthrough)
branch  1 taken 0%
branch  2 taken 0% (fallthrough)
branch  3 taken 100%
        -:  712:    {
    #####:  713:        return -1;
        -:  714:    }
        -:  715:
        6:  716:    if ( (getCost(j + 3)) > getCost(choice2) )
call    0 returned 100%
call    1 returned 100%
branch  2 taken 33% (fallthrough)
branch  3 taken 67%
        -:  717:    {
        2:  718:        return -1;
        -:  719:    }
        -:  720:
        4:  721:    gainCard(choice2, state, 2, currentPlayer);
call    0 returned 100%
        -:  722:
        -:  723:    //discard card from hand
        4:  724:    discardCard(handPos, currentPlayer, state, 0);
call    0 returned 100%
        -:  725:
        -:  726:    //discard trashed card
        4:  727:    findAndDiscard(state, currentPlayer, choice1, 1);
call    0 returned 100%
        -:  728:
        4:  729:    return 0;
        -:  730:}
        -:  731:
        -:  732:
function gainEstate called 0 returned 0% blocks executed 0%
    #####:  733:int gainEstate(struct gameState *state, int currentPlayer)
        -:  734:{
    #####:  735:    if (supplyCount(estate, state) > 0) {
call    0 never executed
branch  1 never executed
branch  2 never executed
    #####:  736:        gainCard(estate, state, 0, currentPlayer);
call    0 never executed
        -:  737:
    #####:  738:        state->supplyCount[estate]--;//Decrement estates
    #####:  739:        if (supplyCount(estate, state) == 0) {
call    0 never executed
branch  1 never executed
branch  2 never executed
    #####:  740:            isGameOver(state);
call    0 never executed
        -:  741:        }
        -:  742:    }
        -:  743:
    #####:  744:    return 0;
        -:  745:}
        -:  746:
        -:  747:
function baronEffect called 0 returned 0% blocks executed 0%
    #####:  748:int baronEffect(int choice1, struct gameState *state, int currentPlayer)
        -:  749:{
    #####:  750:    state->numBuys++;//Increase buys by 1!
    #####:  751:    if (choice1 > 0) { //Boolean true or going to discard an estate
branch  0 never executed
branch  1 never executed
    #####:  752:        int p = 0;//Iterator for hand!
    #####:  753:        int card_not_discarded = 1;//Flag for discard set!
    #####:  754:        while(card_not_discarded) {
branch  0 never executed
branch  1 never executed
    #####:  755:            if (state->hand[currentPlayer][p] == estate) { //Found an estate card!
branch  0 never executed
branch  1 never executed
    #####:  756:                state->coins += 4;//Add 4 coins to the amount of coins
    #####:  757:                state->discard[currentPlayer][state->discardCount[currentPlayer]] = state->hand[currentPlayer][p];
    #####:  758:                state->discardCount[currentPlayer]++;
    #####:  759:                for (; p <= state->handCount[currentPlayer]; p++) {
branch  0 never executed
branch  1 never executed
    #####:  760:                    state->hand[currentPlayer][p] = state->hand[currentPlayer][p+1];
        -:  761:                }
    #####:  762:                state->hand[currentPlayer][state->handCount[currentPlayer]] = -1;
    #####:  763:                state->handCount[currentPlayer]--;
    #####:  764:                card_not_discarded = 0;//Exit the loop
        -:  765:            }
    #####:  766:            else if (p > state->handCount[currentPlayer]) {
branch  0 never executed
branch  1 never executed
        -:  767:                if(DEBUG) {
        -:  768:                    printf("No estate cards in your hand, invalid choice\n");
        -:  769:                    printf("Must gain an estate if there are any\n");
        -:  770:                }
    #####:  771:                gainEstate(state, currentPlayer);
call    0 never executed
        -:  772:                
    #####:  773:                card_not_discarded = 0;//Exit the loop
        -:  774:            }
        -:  775:
        -:  776:        }
        -:  777:    }
        -:  778:
        -:  779:    else {
    #####:  780:            gainEstate(state, currentPlayer);
call    0 never executed
        -:  781:        }
        -:  782:
        -:  783:
    #####:  784:        return 0;
        -:  785:}
        -:  786:
        -:  787:
function draw4 called 0 returned 0% blocks executed 0%
    #####:  788:int draw4(int player, struct gameState *state)
        -:  789:{
    #####:  790:    for (int i = 0; i < 4; i++)
branch  0 never executed
branch  1 never executed
        -:  791:        {
    #####:  792:            drawCard(player, state);
call    0 never executed
        -:  793:        }
        -:  794:
    #####:  795:    return 0;    
        -:  796:}
        -:  797:
        -:  798:
function minionEffect called 4 returned 100% blocks executed 25%
        4:  799:int minionEffect(int handPos, int currentPlayer, struct gameState *state, int choice1, int choice2)
        -:  800:{
        -:  801:    //+1 action
        4:  802:    state->numActions++;
        -:  803:
        -:  804:    //discard card from hand
        4:  805:    discardCard(handPos, currentPlayer, state, 0);
call    0 returned 100%
        -:  806:
        4:  807:    if (choice1)
branch  0 taken 100% (fallthrough)
branch  1 taken 0%
        -:  808:    {
        4:  809:        state->coins = state->coins + 3;
        -:  810:    }
    #####:  811:    else if (choice1)       //discard hand, redraw 4, other players with 5+ cards discard hand and draw 4
branch  0 never executed
branch  1 never executed
        -:  812:    {
        -:  813:        //discard hand
    #####:  814:        while(numHandCards(state) > 0)
call    0 never executed
branch  1 never executed
branch  2 never executed
        -:  815:        {
    #####:  816:            discardCard(handPos, currentPlayer, state, 0);
call    0 never executed
        -:  817:        }
        -:  818:
        -:  819:        //draw 4
    #####:  820:        draw4(currentPlayer, state);
call    0 never executed
        -:  821:
        -:  822:        //other players discard hand and redraw if hand size > 4
    #####:  823:        for (int i = 0; i < state->numPlayers; i++)
branch  0 never executed
branch  1 never executed
        -:  824:        {
    #####:  825:            if (i != currentPlayer)
branch  0 never executed
branch  1 never executed
        -:  826:            {
    #####:  827:                if ( state->handCount[i] > 4 )
branch  0 never executed
branch  1 never executed
        -:  828:                {
        -:  829:                    //discard hand
    #####:  830:                    while( state->handCount[i] > 0 )
branch  0 never executed
branch  1 never executed
        -:  831:                    {
    #####:  832:                        discardCard(handPos, i, state, 0);
call    0 never executed
        -:  833:                    }
        -:  834:
        -:  835:                    //draw 4
    #####:  836:                    draw4(i, state);
call    0 never executed
        -:  837:                }
        -:  838:            }
        -:  839:        }
        -:  840:
        -:  841:    }
        4:  842:    return 0;
        -:  843:}
        -:  844:
        -:  845:
        -:  846:
function tributeEffect called 0 returned 0% blocks executed 0%
    #####:  847:int tributeEffect(int currentPlayer, int nextPlayer, struct gameState *state)
        -:  848:{
    #####:  849:    int tributeRevealedCards[2] = {-1, -1};
        -:  850:    int i;
        -:  851:
    #####:  852:    if ((state->discardCount[nextPlayer] + state->deckCount[nextPlayer]) <= 1) {
branch  0 never executed
branch  1 never executed
    #####:  853:        if (state->deckCount[nextPlayer] > 0) {
branch  0 never executed
branch  1 never executed
    #####:  854:            tributeRevealedCards[0] = state->deck[nextPlayer][state->deckCount[nextPlayer]];
    #####:  855:            state->deckCount[nextPlayer]--;
        -:  856:        }
    #####:  857:        else if (state->discardCount[nextPlayer] > 0) {
branch  0 never executed
branch  1 never executed
    #####:  858:            tributeRevealedCards[0] = state->discard[nextPlayer][state->discardCount[nextPlayer]-1];
    #####:  859:            state->discardCount[nextPlayer]--;
        -:  860:        }
        -:  861:        else {
        -:  862:            //No Card to Reveal
        -:  863:            if (DEBUG) {
        -:  864:                printf("No cards to reveal\n");
        -:  865:            }
        -:  866:        }
        -:  867:    }
        -:  868:
        -:  869:    else {
    #####:  870:        if (state->deckCount[nextPlayer] == 0) {
branch  0 never executed
branch  1 never executed
    #####:  871:            for (i = 0; i < state->discardCount[nextPlayer]; i++) {
branch  0 never executed
branch  1 never executed
    #####:  872:                state->deck[nextPlayer][i] = state->discard[nextPlayer][i];//Move to deck
    #####:  873:                state->deckCount[nextPlayer]++;
    #####:  874:                state->discard[nextPlayer][i] = -1;
    #####:  875:                state->discardCount[nextPlayer]--;
        -:  876:            }
        -:  877:
    #####:  878:            shuffle(nextPlayer,state);//Shuffle the deck
call    0 never executed
        -:  879:        }
    #####:  880:        tributeRevealedCards[0] = state->deck[nextPlayer][state->deckCount[nextPlayer]-1];
    #####:  881:        state->deck[nextPlayer][state->deckCount[nextPlayer]--] = -1;
    #####:  882:        state->deckCount[nextPlayer]--;
    #####:  883:        tributeRevealedCards[1] = state->deck[nextPlayer][state->deckCount[nextPlayer]-1];
    #####:  884:        state->deck[nextPlayer][state->deckCount[nextPlayer]--] = -1;
    #####:  885:        state->deckCount[nextPlayer]--;
        -:  886:    }
        -:  887:
    #####:  888:    if (tributeRevealedCards[0] == tributeRevealedCards[1]) { //If we have a duplicate card, just drop one
branch  0 never executed
branch  1 never executed
    #####:  889:        state->playedCards[state->playedCardCount] = tributeRevealedCards[1];
    #####:  890:        state->playedCardCount++;
    #####:  891:        tributeRevealedCards[1] = -1;
        -:  892:    }
        -:  893:
    #####:  894:    for (i = 0; i <= 2; i ++) {
branch  0 never executed
branch  1 never executed
    #####:  895:        if (tributeRevealedCards[i] == copper || tributeRevealedCards[i] == silver || tributeRevealedCards[i] == gold) { //Treasure cards
branch  0 never executed
branch  1 never executed
branch  2 never executed
branch  3 never executed
branch  4 never executed
branch  5 never executed
    #####:  896:            state->coins += 2;
        -:  897:        }
        -:  898:
    #####:  899:        else if (tributeRevealedCards[i] == estate || tributeRevealedCards[i] == duchy || tributeRevealedCards[i] == province || tributeRevealedCards[i] == gardens || tributeRevealedCards[i] == great_hall) { //Victory Card Found
branch  0 never executed
branch  1 never executed
branch  2 never executed
branch  3 never executed
branch  4 never executed
branch  5 never executed
branch  6 never executed
branch  7 never executed
branch  8 never executed
branch  9 never executed
    #####:  900:            drawCard(currentPlayer, state);
call    0 never executed
    #####:  901:            drawCard(currentPlayer, state);
call    0 never executed
        -:  902:        }
        -:  903:        else { //Action Card
    #####:  904:            state->numActions++;
        -:  905:        }
        -:  906:    }
        -:  907:
    #####:  908:    return 0;
        -:  909:}
        -:  910:
        -:  911:
        -:  912:
function ambassadorEffect called 5 returned 100% blocks executed 12%
        5:  913:int ambassadorEffect(int handPos, int choice1, int choice2, int currentPlayer, struct gameState *state)
        -:  914:{
        -:  915:    int i;
        5:  916:    int j = 0;     //used to check if player has enough cards to discard
        -:  917:
        5:  918:    if (choice2 > 2 || choice2 < 0)
branch  0 taken 0% (fallthrough)
branch  1 taken 100%
branch  2 never executed
branch  3 never executed
        -:  919:    {
        5:  920:        return -1;
        -:  921:    }
        -:  922:
    #####:  923:    if (choice1 == handPos)
branch  0 never executed
branch  1 never executed
        -:  924:    {
    #####:  925:        return -1;
        -:  926:    }
        -:  927:
    #####:  928:    for (i = 0; i < state->handCount[currentPlayer]; i++)
branch  0 never executed
branch  1 never executed
        -:  929:    {
    #####:  930:        if (i != handPos && i == state->hand[currentPlayer][choice1] && i != choice1)
branch  0 never executed
branch  1 never executed
branch  2 never executed
branch  3 never executed
branch  4 never executed
branch  5 never executed
        -:  931:        {
    #####:  932:            j++;
        -:  933:        }
        -:  934:    }
        -:  935:
    #####:  936:    if (j > choice2)
branch  0 never executed
branch  1 never executed
        -:  937:    {
    #####:  938:        return -1;
        -:  939:    }
        -:  940:
        -:  941:    if (DEBUG)
        -:  942:        printf("Player %d reveals card number: %d\n", currentPlayer, state->hand[currentPlayer][choice1]);
        -:  943:
        -:  944:    //increase supply count for choosen card by amount being discarded
    #####:  945:    state->supplyCount[state->hand[currentPlayer][choice1]] += choice2;
        -:  946:
        -:  947:    //each other player gains a copy of revealed card
    #####:  948:    for (i = 0; i <= state->numPlayers; i++)
branch  0 never executed
branch  1 never executed
        -:  949:    {
    #####:  950:        if (i != currentPlayer)
branch  0 never executed
branch  1 never executed
        -:  951:        {
    #####:  952:            gainCard(state->hand[currentPlayer][choice1], state, 0, i);
call    0 never executed
        -:  953:        }
        -:  954:    }
        -:  955:
        -:  956:    //discard played card from hand
    #####:  957:    discardCard(handPos, currentPlayer, state, 0);
call    0 never executed
        -:  958:
        -:  959:    //trash copies of cards returned to supply
    #####:  960:    for (j = 0; j < choice2; j++)
branch  0 never executed
branch  1 never executed
        -:  961:    {
    #####:  962:        findAndDiscard(state, currentPlayer, choice1, 1);    
call    0 never executed
        -:  963:    }
        -:  964:
    #####:  965:    return 0;
        -:  966:}
        -:  967:
        -:  968:
        -:  969:
function cardEffect called 0 returned 0% blocks executed 0%
    #####:  970:int cardEffect(int card, int choice1, int choice2, int choice3, struct gameState *state, int handPos, int *bonus)
        -:  971:{
        -:  972:    int i;
        -:  973:    int j;
        -:  974:    int k;
        -:  975:    int x;
        -:  976:    int index;
    #####:  977:    int currentPlayer = whoseTurn(state);
call    0 never executed
    #####:  978:    int nextPlayer = currentPlayer + 1;
        -:  979:
        -:  980:    int temphand[MAX_HAND];// moved above the if statement
    #####:  981:    int drawntreasure=0;
        -:  982:    int cardDrawn;
    #####:  983:    int z = 0;// this is the counter for the temp hand
    #####:  984:    if (nextPlayer > (state->numPlayers - 1)) {
branch  0 never executed
branch  1 never executed
    #####:  985:        nextPlayer = 0;
        -:  986:    }
        -:  987:
        -:  988:
        -:  989:    //uses switch to select card and perform actions
    #####:  990:    switch( card )
branch  0 never executed
branch  1 never executed
branch  2 never executed
branch  3 never executed
branch  4 never executed
branch  5 never executed
branch  6 never executed
branch  7 never executed
branch  8 never executed
branch  9 never executed
branch 10 never executed
branch 11 never executed
branch 12 never executed
branch 13 never executed
branch 14 never executed
branch 15 never executed
branch 16 never executed
branch 17 never executed
branch 18 never executed
branch 19 never executed
branch 20 never executed
        -:  991:    {
        -:  992:    case adventurer:
    #####:  993:        while(drawntreasure<2) {
branch  0 never executed
branch  1 never executed
    #####:  994:            if (state->deckCount[currentPlayer] <1) { //if the deck is empty we need to shuffle discard and add to deck
branch  0 never executed
branch  1 never executed
    #####:  995:                shuffle(currentPlayer, state);
call    0 never executed
        -:  996:            }
    #####:  997:            drawCard(currentPlayer, state);
call    0 never executed
    #####:  998:            cardDrawn = state->hand[currentPlayer][state->handCount[currentPlayer]-1];//top card of hand is most recently drawn card.
    #####:  999:            if (cardDrawn == copper || cardDrawn == silver || cardDrawn == gold)
branch  0 never executed
branch  1 never executed
branch  2 never executed
branch  3 never executed
branch  4 never executed
branch  5 never executed
    #####: 1000:                drawntreasure++;
        -: 1001:            else {
    #####: 1002:                temphand[z]=cardDrawn;
    #####: 1003:                state->handCount[currentPlayer]--; //this should just remove the top card (the most recently drawn one).
    #####: 1004:                z++;
        -: 1005:            }
        -: 1006:        }
    #####: 1007:        while(z-1>=0) {
branch  0 never executed
branch  1 never executed
    #####: 1008:            state->discard[currentPlayer][state->discardCount[currentPlayer]++]=temphand[z-1]; // discard all cards in play that have been drawn
    #####: 1009:            z=z-1;
        -: 1010:        }
    #####: 1011:        return 0;
        -: 1012:
        -: 1013:    case council_room:
        -: 1014:        //+4 Cards
    #####: 1015:        for (i = 0; i < 4; i++)
branch  0 never executed
branch  1 never executed
        -: 1016:        {
    #####: 1017:            drawCard(currentPlayer, state);
call    0 never executed
        -: 1018:        }
        -: 1019:
        -: 1020:        //+1 Buy
    #####: 1021:        state->numBuys++;
        -: 1022:
        -: 1023:        //Each other player draws a card
    #####: 1024:        for (i = 0; i < state->numPlayers; i++)
branch  0 never executed
branch  1 never executed
        -: 1025:        {
    #####: 1026:            if ( i != currentPlayer )
branch  0 never executed
branch  1 never executed
        -: 1027:            {
    #####: 1028:                drawCard(i, state);
call    0 never executed
        -: 1029:            }
        -: 1030:        }
        -: 1031:
        -: 1032:        //put played card in played card pile
    #####: 1033:        discardCard(handPos, currentPlayer, state, 0);
call    0 never executed
        -: 1034:
    #####: 1035:        return 0;
        -: 1036:
        -: 1037:    case feast:
        -: 1038:        //gain card with cost up to 5
        -: 1039:        //Backup hand
    #####: 1040:        for (i = 0; i <= state->handCount[currentPlayer]; i++) {
branch  0 never executed
branch  1 never executed
    #####: 1041:            temphand[i] = state->hand[currentPlayer][i];//Backup card
    #####: 1042:            state->hand[currentPlayer][i] = -1;//Set to nothing
        -: 1043:        }
        -: 1044:        //Backup hand
        -: 1045:
        -: 1046:        //Update Coins for Buy
    #####: 1047:        updateCoins(currentPlayer, state, 5);
call    0 never executed
    #####: 1048:        x = 1;//Condition to loop on
    #####: 1049:        while( x == 1) {//Buy one card
branch  0 never executed
branch  1 never executed
    #####: 1050:            if (supplyCount(choice1, state) <= 0) {
call    0 never executed
branch  1 never executed
branch  2 never executed
        -: 1051:                if (DEBUG)
        -: 1052:                    printf("None of that card left, sorry!\n");
        -: 1053:
        -: 1054:                if (DEBUG) {
        -: 1055:                    printf("Cards Left: %d\n", supplyCount(choice1, state));
        -: 1056:                }
        -: 1057:            }
    #####: 1058:            else if (state->coins < getCost(choice1)) {
call    0 never executed
branch  1 never executed
branch  2 never executed
    #####: 1059:                printf("That card is too expensive!\n");
call    0 never executed
        -: 1060:
        -: 1061:                if (DEBUG) {
        -: 1062:                    printf("Coins: %d < %d\n", state->coins, getCost(choice1));
        -: 1063:                }
        -: 1064:            }
        -: 1065:            else {
        -: 1066:
        -: 1067:                if (DEBUG) {
        -: 1068:                    printf("Deck Count: %d\n", state->handCount[currentPlayer] + state->deckCount[currentPlayer] + state->discardCount[currentPlayer]);
        -: 1069:                }
        -: 1070:
    #####: 1071:                gainCard(choice1, state, 0, currentPlayer);//Gain the card
call    0 never executed
    #####: 1072:                x = 0;//No more buying cards
        -: 1073:
        -: 1074:                if (DEBUG) {
        -: 1075:                    printf("Deck Count: %d\n", state->handCount[currentPlayer] + state->deckCount[currentPlayer] + state->discardCount[currentPlayer]);
        -: 1076:                }
        -: 1077:
        -: 1078:            }
        -: 1079:        }
        -: 1080:
        -: 1081:        //Reset Hand
    #####: 1082:        for (i = 0; i <= state->handCount[currentPlayer]; i++) {
branch  0 never executed
branch  1 never executed
    #####: 1083:            state->hand[currentPlayer][i] = temphand[i];
    #####: 1084:            temphand[i] = -1;
        -: 1085:        }
        -: 1086:        //Reset Hand
        -: 1087:
    #####: 1088:        return 0;
        -: 1089:
        -: 1090:    case gardens:
    #####: 1091:        return -1;
        -: 1092:
        -: 1093:    case mine:
    #####: 1094:        mineEffect(choice1, choice2, state, handPos, currentPlayer);
call    0 never executed
        -: 1095:
        -: 1096:    case remodel:
    #####: 1097:        j = state->hand[currentPlayer][choice1];  //store card we will trash
        -: 1098:
    #####: 1099:        if ( (getCost(state->hand[currentPlayer][choice1]) + 2) > getCost(choice2) )
call    0 never executed
call    1 never executed
branch  2 never executed
branch  3 never executed
        -: 1100:        {
    #####: 1101:            return -1;
        -: 1102:        }
        -: 1103:
    #####: 1104:        gainCard(choice2, state, 0, currentPlayer);
call    0 never executed
        -: 1105:
        -: 1106:        //discard card from hand
    #####: 1107:        discardCard(handPos, currentPlayer, state, 0);
call    0 never executed
        -: 1108:
        -: 1109:        //discard trashed card
    #####: 1110:        for (i = 0; i < state->handCount[currentPlayer]; i++)
branch  0 never executed
branch  1 never executed
        -: 1111:        {
    #####: 1112:            if (state->hand[currentPlayer][i] == j)
branch  0 never executed
branch  1 never executed
        -: 1113:            {
    #####: 1114:                discardCard(i, currentPlayer, state, 0);
call    0 never executed
    #####: 1115:                break;
        -: 1116:            }
        -: 1117:        }
        -: 1118:
        -: 1119:
    #####: 1120:        return 0;
        -: 1121:
        -: 1122:    case smithy:
        -: 1123:        //+3 Cards
    #####: 1124:        for (i = 0; i < 3; i++)
branch  0 never executed
branch  1 never executed
        -: 1125:        {
    #####: 1126:            drawCard(currentPlayer, state);
call    0 never executed
        -: 1127:        }
        -: 1128:
        -: 1129:        //discard card from hand
    #####: 1130:        discardCard(handPos, currentPlayer, state, 0);
call    0 never executed
    #####: 1131:        return 0;
        -: 1132:
        -: 1133:    case village:
        -: 1134:        //+1 Card
    #####: 1135:        drawCard(currentPlayer, state);
call    0 never executed
        -: 1136:
        -: 1137:        //+2 Actions
    #####: 1138:        state->numActions = state->numActions + 2;
        -: 1139:
        -: 1140:        //discard played card from hand
    #####: 1141:        discardCard(handPos, currentPlayer, state, 0);
call    0 never executed
    #####: 1142:        return 0;
        -: 1143:
        -: 1144:    case baron:
    #####: 1145:        baronEffect(choice1, state, currentPlayer);
call    0 never executed
        -: 1146:
        -: 1147:    case great_hall:
        -: 1148:        //+1 Card
    #####: 1149:        drawCard(currentPlayer, state);
call    0 never executed
        -: 1150:
        -: 1151:        //+1 Actions
    #####: 1152:        state->numActions++;
        -: 1153:
        -: 1154:        //discard card from hand
    #####: 1155:        discardCard(handPos, currentPlayer, state, 0);
call    0 never executed
    #####: 1156:        return 0;
        -: 1157:
        -: 1158:    case minion:
    #####: 1159:        minionEffect(handPos, currentPlayer, state, choice1, choice2);
call    0 never executed
        -: 1160:
        -: 1161:    case steward:
    #####: 1162:        if (choice1 == 1)
branch  0 never executed
branch  1 never executed
        -: 1163:        {
        -: 1164:            //+2 cards
    #####: 1165:            drawCard(currentPlayer, state);
call    0 never executed
    #####: 1166:            drawCard(currentPlayer, state);
call    0 never executed
        -: 1167:        }
    #####: 1168:        else if (choice1 == 2)
branch  0 never executed
branch  1 never executed
        -: 1169:        {
        -: 1170:            //+2 coins
    #####: 1171:            state->coins = state->coins + 2;
        -: 1172:        }
        -: 1173:        else
        -: 1174:        {
        -: 1175:            //trash 2 cards in hand
    #####: 1176:            discardCard(choice2, currentPlayer, state, 1);
call    0 never executed
    #####: 1177:            discardCard(choice3, currentPlayer, state, 1);
call    0 never executed
        -: 1178:        }
        -: 1179:
        -: 1180:        //discard card from hand
    #####: 1181:        discardCard(handPos, currentPlayer, state, 0);
call    0 never executed
    #####: 1182:        return 0;
        -: 1183:
        -: 1184:    case tribute:
    #####: 1185:        tributeEffect(currentPlayer, nextPlayer, state);
call    0 never executed
        -: 1186:
        -: 1187:    case ambassador:
    #####: 1188:       ambassadorEffect(handPos, choice1, choice2, currentPlayer, state);
call    0 never executed
        -: 1189:
        -: 1190:    case cutpurse:
        -: 1191:
    #####: 1192:        updateCoins(currentPlayer, state, 2);
call    0 never executed
    #####: 1193:        for (i = 0; i < state->numPlayers; i++)
branch  0 never executed
branch  1 never executed
        -: 1194:        {
    #####: 1195:            if (i != currentPlayer)
branch  0 never executed
branch  1 never executed
        -: 1196:            {
    #####: 1197:                for (j = 0; j < state->handCount[i]; j++)
branch  0 never executed
branch  1 never executed
        -: 1198:                {
    #####: 1199:                    if (state->hand[i][j] == copper)
branch  0 never executed
branch  1 never executed
        -: 1200:                    {
    #####: 1201:                        discardCard(j, i, state, 0);
call    0 never executed
    #####: 1202:                        break;
        -: 1203:                    }
    #####: 1204:                    if (j == state->handCount[i])
branch  0 never executed
branch  1 never executed
        -: 1205:                    {
    #####: 1206:                        for (k = 0; k < state->handCount[i]; k++)
branch  0 never executed
branch  1 never executed
        -: 1207:                        {
        -: 1208:                            if (DEBUG)
        -: 1209:                                printf("Player %d reveals card number %d\n", i, state->hand[i][k]);
        -: 1210:                        }
    #####: 1211:                        break;
        -: 1212:                    }
        -: 1213:                }
        -: 1214:
        -: 1215:            }
        -: 1216:
        -: 1217:        }
        -: 1218:
        -: 1219:        //discard played card from hand
    #####: 1220:        discardCard(handPos, currentPlayer, state, 0);
call    0 never executed
        -: 1221:
    #####: 1222:        return 0;
        -: 1223:
        -: 1224:
        -: 1225:    case embargo:
        -: 1226:        //+2 Coins
    #####: 1227:        state->coins = state->coins + 2;
        -: 1228:
        -: 1229:        //see if selected pile is in play
    #####: 1230:        if ( state->supplyCount[choice1] == -1 )
branch  0 never executed
branch  1 never executed
        -: 1231:        {
    #####: 1232:            return -1;
        -: 1233:        }
        -: 1234:
        -: 1235:        //add embargo token to selected supply pile
    #####: 1236:        state->embargoTokens[choice1]++;
        -: 1237:
        -: 1238:        //trash card
    #####: 1239:        discardCard(handPos, currentPlayer, state, 1);
call    0 never executed
    #####: 1240:        return 0;
        -: 1241:
        -: 1242:    case outpost:
        -: 1243:        //set outpost flag
    #####: 1244:        state->outpostPlayed++;
        -: 1245:
        -: 1246:        //discard card
    #####: 1247:        discardCard(handPos, currentPlayer, state, 0);
call    0 never executed
    #####: 1248:        return 0;
        -: 1249:
        -: 1250:    case salvager:
        -: 1251:        //+1 buy
    #####: 1252:        state->numBuys++;
        -: 1253:
    #####: 1254:        if (choice1)
branch  0 never executed
branch  1 never executed
        -: 1255:        {
        -: 1256:            //gain coins equal to trashed card
    #####: 1257:            state->coins = state->coins + getCost( handCard(choice1, state) );
call    0 never executed
call    1 never executed
        -: 1258:            //trash card
    #####: 1259:            discardCard(choice1, currentPlayer, state, 1);
call    0 never executed
        -: 1260:        }
        -: 1261:
        -: 1262:        //discard card
    #####: 1263:        discardCard(handPos, currentPlayer, state, 0);
call    0 never executed
    #####: 1264:        return 0;
        -: 1265:
        -: 1266:    case sea_hag:
    #####: 1267:        for (i = 0; i < state->numPlayers; i++) {
branch  0 never executed
branch  1 never executed
    #####: 1268:            if (i != currentPlayer) {
branch  0 never executed
branch  1 never executed
    #####: 1269:                state->discard[i][state->discardCount[i]] = state->deck[i][state->deckCount[i]--];
    #####: 1270:                state->deckCount[i]--;
    #####: 1271:                state->discardCount[i]++;
    #####: 1272:                state->deck[i][state->deckCount[i]--] = curse;//Top card now a curse
        -: 1273:            }
        -: 1274:        }
    #####: 1275:        return 0;
        -: 1276:
        -: 1277:    case treasure_map:
        -: 1278:        //search hand for another treasure_map
    #####: 1279:        index = -1;
    #####: 1280:        for (i = 0; i < state->handCount[currentPlayer]; i++)
branch  0 never executed
branch  1 never executed
        -: 1281:        {
    #####: 1282:            if (state->hand[currentPlayer][i] == treasure_map && i != handPos)
branch  0 never executed
branch  1 never executed
branch  2 never executed
branch  3 never executed
        -: 1283:            {
    #####: 1284:                index = i;
    #####: 1285:                break;
        -: 1286:            }
        -: 1287:        }
    #####: 1288:        if (index > -1)
branch  0 never executed
branch  1 never executed
        -: 1289:        {
        -: 1290:            //trash both treasure cards
    #####: 1291:            discardCard(handPos, currentPlayer, state, 1);
call    0 never executed
    #####: 1292:            discardCard(index, currentPlayer, state, 1);
call    0 never executed
        -: 1293:
        -: 1294:            //gain 4 Gold cards
    #####: 1295:            for (i = 0; i < 4; i++)
branch  0 never executed
branch  1 never executed
        -: 1296:            {
    #####: 1297:                gainCard(gold, state, 1, currentPlayer);
call    0 never executed
        -: 1298:            }
        -: 1299:
        -: 1300:            //return success
    #####: 1301:            return 1;
        -: 1302:        }
        -: 1303:
        -: 1304:        //no second treasure_map found in hand
    #####: 1305:        return -1;
        -: 1306:    }
        -: 1307:
    #####: 1308:    return -1;
        -: 1309:}
        -: 1310:
function discardCard called 12 returned 100% blocks executed 78%
       12: 1311:int discardCard(int handPos, int currentPlayer, struct gameState *state, int trashFlag)
        -: 1312:{
        -: 1313:
        -: 1314:    //if card is not trashed, added to Played pile
       12: 1315:    if (trashFlag < 1)
branch  0 taken 67% (fallthrough)
branch  1 taken 33%
        -: 1316:    {
        -: 1317:        //add card to played pile
        8: 1318:        state->playedCards[state->playedCardCount] = state->hand[currentPlayer][handPos];
        8: 1319:        state->playedCardCount++;
        -: 1320:    }
        -: 1321:
        -: 1322:    //set played card to -1
       12: 1323:    state->hand[currentPlayer][handPos] = -1;
        -: 1324:
        -: 1325:    //remove card from player's hand
       12: 1326:    if ( handPos == (state->handCount[currentPlayer] - 1) ) 	//last card in hand array is played
branch  0 taken 0% (fallthrough)
branch  1 taken 100%
        -: 1327:    {
        -: 1328:        //reduce number of cards in hand
    #####: 1329:        state->handCount[currentPlayer]--;
        -: 1330:    }
       12: 1331:    else if ( state->handCount[currentPlayer] == 1 ) //only one card in hand
branch  0 taken 0% (fallthrough)
branch  1 taken 100%
        -: 1332:    {
        -: 1333:        //reduce number of cards in hand
    #####: 1334:        state->handCount[currentPlayer]--;
        -: 1335:    }
        -: 1336:    else
        -: 1337:    {
        -: 1338:        //replace discarded card with last card in hand
       12: 1339:        state->hand[currentPlayer][handPos] = state->hand[currentPlayer][ (state->handCount[currentPlayer] - 1)];
        -: 1340:        //set last card to -1
       12: 1341:        state->hand[currentPlayer][state->handCount[currentPlayer] - 1] = -1;
        -: 1342:        //reduce number of cards in hand
       12: 1343:        state->handCount[currentPlayer]--;
        -: 1344:    }
        -: 1345:
       12: 1346:    return 0;
        -: 1347:}
        -: 1348:
function gainCard called 4 returned 100% blocks executed 70%
        4: 1349:int gainCard(int supplyPos, struct gameState *state, int toFlag, int player)
        -: 1350:{
        -: 1351:    //Note: supplyPos is enum of choosen card
        -: 1352:
        -: 1353:    //check if supply pile is empty (0) or card is not used in game (-1)
        4: 1354:    if ( supplyCount(supplyPos, state) < 1 )
call    0 returned 100%
branch  1 taken 0% (fallthrough)
branch  2 taken 100%
        -: 1355:    {
    #####: 1356:        return -1;
        -: 1357:    }
        -: 1358:
        -: 1359:    //added card for [whoseTurn] current player:
        -: 1360:    // toFlag = 0 : add to discard
        -: 1361:    // toFlag = 1 : add to deck
        -: 1362:    // toFlag = 2 : add to hand
        -: 1363:
        4: 1364:    if (toFlag == 1)
branch  0 taken 0% (fallthrough)
branch  1 taken 100%
        -: 1365:    {
    #####: 1366:        state->deck[ player ][ state->deckCount[player] ] = supplyPos;
    #####: 1367:        state->deckCount[player]++;
        -: 1368:    }
        4: 1369:    else if (toFlag == 2)
branch  0 taken 100% (fallthrough)
branch  1 taken 0%
        -: 1370:    {
        4: 1371:        state->hand[ player ][ state->handCount[player] ] = supplyPos;
        4: 1372:        state->handCount[player]++;
        -: 1373:    }
        -: 1374:    else
        -: 1375:    {
    #####: 1376:        state->discard[player][ state->discardCount[player] ] = supplyPos;
    #####: 1377:        state->discardCount[player]++;
        -: 1378:    }
        -: 1379:
        -: 1380:    //decrease number in supply pile
        4: 1381:    state->supplyCount[supplyPos]--;
        -: 1382:
        4: 1383:    return 0;
        -: 1384:}
        -: 1385:
function updateCoins called 3 returned 100% blocks executed 82%
        3: 1386:int updateCoins(int player, struct gameState *state, int bonus)
        -: 1387:{
        -: 1388:    int i;
        -: 1389:
        -: 1390:    //reset coin count
        3: 1391:    state->coins = 0;
        -: 1392:
        -: 1393:    //add coins for each Treasure card in player's hand
       18: 1394:    for (i = 0; i < state->handCount[player]; i++)
branch  0 taken 83%
branch  1 taken 17% (fallthrough)
        -: 1395:    {
       15: 1396:        if (state->hand[player][i] == copper)
branch  0 taken 60% (fallthrough)
branch  1 taken 40%
        -: 1397:        {
        9: 1398:            state->coins += 1;
        -: 1399:        }
        6: 1400:        else if (state->hand[player][i] == silver)
branch  0 taken 0% (fallthrough)
branch  1 taken 100%
        -: 1401:        {
    #####: 1402:            state->coins += 2;
        -: 1403:        }
        6: 1404:        else if (state->hand[player][i] == gold)
branch  0 taken 0% (fallthrough)
branch  1 taken 100%
        -: 1405:        {
    #####: 1406:            state->coins += 3;
        -: 1407:        }
        -: 1408:    }
        -: 1409:
        -: 1410:    //add bonus
        3: 1411:    state->coins += bonus;
        -: 1412:
        3: 1413:    return 0;
        -: 1414:}
        -: 1415:
        -: 1416:
        -: 1417:
        -: 1418:
        -: 1419:
        -: 1420:
        -: 1421:
        -: 1422://end of dominion.c
